<?xml version="1.0" encoding="UTF-8"?>
<!-- Generated by org.testng.reporters.JUnitReportReporter -->
<testsuite hostname="Guru-PC" failures="0" tests="5" name="com.training.tests.AccountTest" time="91.796" errors="0" timestamp="16 Nov 2022 05:06:49 GMT" skipped="0">
  <testcase classname="com.training.tests.AccountTest" name="TC10createAnAccount" time="21.013"/>
  <testcase classname="com.training.tests.AccountTest" name="TC13MergeAccounts" time="16.007"/>
  <testcase classname="com.training.tests.AccountTest" name="TC11createNewView" time="17.779"/>
  <testcase classname="com.training.tests.AccountTest" name="TC12editView" time="14.613"/>
  <testcase classname="com.training.tests.AccountTest" name="TC14CreateAccountReport" time="22.384"/>
</testsuite> <!-- com.training.tests.AccountTest -->
