<?xml version="1.0" encoding="UTF-8"?>
<!-- Generated by org.testng.reporters.JUnitReportReporter -->
<testsuite hostname="Guru-PC" failures="0" tests="1" name="com.training.tests.LeadsTest" time="23.388" errors="0" timestamp="16 Nov 2022 06:08:50 GMT" skipped="0">
  <testcase classname="com.training.tests.LeadsTest" name="TC24CheckNewButton" time="23.388"/>
</testsuite> <!-- com.training.tests.LeadsTest -->
