<?xml version="1.0" encoding="UTF-8"?>
<!-- Generated by org.testng.reporters.JUnitReportReporter -->
<testsuite hostname="Guru-PC" failures="0" tests="1" name="com.training.tests.ContactsTest" time="20.134" errors="0" timestamp="16 Nov 2022 06:35:53 GMT" skipped="0">
  <testcase classname="com.training.tests.ContactsTest" name="TC32SaveAndNew" time="20.134"/>
</testsuite> <!-- com.training.tests.ContactsTest -->
