<?xml version="1.0" encoding="UTF-8"?>
<!-- Generated by org.testng.reporters.JUnitReportReporter -->
<testsuite hostname="Guru-PC" failures="0" tests="1" name="com.training.tests.OpportunitiesTest" time="56.361" errors="0" timestamp="05 Dec 2022 20:00:36 GMT" skipped="0">
  <testcase classname="com.training.tests.OpportunitiesTest" name="TC16CreateNewOpportunity" time="56.361"/>
</testsuite> <!-- com.training.tests.OpportunitiesTest -->
