<?xml version="1.0" encoding="UTF-8"?>
<!-- Generated by org.testng.reporters.JUnitReportReporter -->
<testsuite hostname="Guru-PC" failures="0" tests="5" name="com.training.tests.LoginTest" time="88.004" errors="0" timestamp="29 Nov 2022 22:02:32 GMT" skipped="0">
  <testcase classname="com.training.tests.LoginTest" name="TC02loginIntoSalesforce" time="33.546"/>
  <testcase classname="com.training.tests.LoginTest" name="TC03checkRememberMe" time="27.678"/>
  <testcase classname="com.training.tests.LoginTest" name="TC04AforgetPassword" time="6.866"/>
  <testcase classname="com.training.tests.LoginTest" name="TC04BforgetPassword" time="7.565"/>
  <testcase classname="com.training.tests.LoginTest" name="TC01navigateToSFDC" time="12.349"/>
</testsuite> <!-- com.training.tests.LoginTest -->
