<?xml version="1.0" encoding="UTF-8"?>
<!-- Generated by org.testng.reporters.JUnitReportReporter -->
<testsuite hostname="Guru-PC" failures="0" tests="1" name="com.training.tests.RandomTest" time="17.292" errors="0" timestamp="16 Nov 2022 07:28:28 GMT" skipped="0">
  <testcase classname="com.training.tests.RandomTest" name="TC33ValidateFirstAndLastNamelink" time="17.292"/>
</testsuite> <!-- com.training.tests.RandomTest -->
